mode: set
gin_server/server/handler/excel.handler.go:23.37,32.16 2 1
gin_server/server/handler/excel.handler.go:36.2,40.29 5 0
gin_server/server/handler/excel.handler.go:43.2,44.16 2 0
gin_server/server/handler/excel.handler.go:47.2,47.21 1 0
gin_server/server/handler/excel.handler.go:32.16,35.3 2 1
gin_server/server/handler/excel.handler.go:40.29,42.3 1 0
gin_server/server/handler/excel.handler.go:44.16,46.3 1 0
gin_server/server/handler/excel.handler.go:51.38,56.2 4 1
gin_server/server/handler/excel.handler.go:58.34,61.16 3 1
gin_server/server/handler/excel.handler.go:64.2,65.60 2 1
gin_server/server/handler/excel.handler.go:68.2,68.22 1 1
gin_server/server/handler/excel.handler.go:61.16,63.3 1 0
gin_server/server/handler/excel.handler.go:65.60,67.3 1 0
